<?xml version="1.0" encoding="UTF-8"?>
<!-- Generated by org.testng.reporters.JUnitReportReporter -->
<testsuite hostname="C02ZT2YXLVDM" failures="0" tests="1" name="login.LoginTests" time="2.404" errors="0" timestamp="2020-07-28T21:16:00 AEST" skipped="0">
  <testcase classname="login.LoginTests" name="testSuccessfulLogin" time="2.404"/>
</testsuite> <!-- login.LoginTests -->
