<?xml version="1.0" encoding="UTF-8"?>
<!-- Generated by org.testng.reporters.JUnitReportReporter -->
<testsuite hostname="C02ZT2YXLVDM" failures="0" tests="1" name="dropdown.DropDownTests" time="1.008" errors="0" timestamp="2020-07-28T21:16:00 AEST" skipped="0">
  <testcase classname="dropdown.DropDownTests" name="testSelectOption" time="1.008"/>
</testsuite> <!-- dropdown.DropDownTests -->
