<?xml version="1.0" encoding="UTF-8"?>
<!-- Generated by org.testng.reporters.JUnitReportReporter -->
<testsuite hostname="C02ZT2YXLVDM" failures="0" tests="1" name="login.LoginTests" time="2.039" errors="0" timestamp="2020-07-28T10:04:19 AEST" skipped="0">
  <testcase classname="login.LoginTests" name="testSuccessfulLogin" time="2.039"/>
</testsuite> <!-- login.LoginTests -->
